<?xml version="1.0" encoding="UTF-8"?>
<!-- Generated by org.testng.reporters.JUnitReportReporter -->
<testsuite hostname="Lenovo-kalpesh" name="testCases.VerifyHomePage" tests="1" failures="0" timestamp="8 Oct 2017 07:16:43 GMT" time="24.126" errors="0">
  <testcase name="testHomePage" time="24.126" classname="testCases.VerifyHomePage"/>
</testsuite> <!-- testCases.VerifyHomePage -->
